Configuring adjunctions-4.3...
Building adjunctions-4.3...
Preprocessing library adjunctions-4.3...
[ 1 of 11] Compiling Data.Functor.Rep ( src\Data\Functor\Rep.hs, .stack-work\dist\ca59d0ab\build\Data\Functor\Rep.o )

src\Data\Functor\Rep.hs:111:1: warning: [-Winline-rule-shadowing]
    Rule "tabulate/index" may never fire
      because rule "Class op index" for ‘index’ might fire first
    Probable fix: add phase [n] or [~n] to the competing rule
[ 2 of 11] Compiling Data.Functor.Contravariant.Rep ( src\Data\Functor\Contravariant\Rep.hs, .stack-work\dist\ca59d0ab\build\Data\Functor\Contravariant\Rep.o )

src\Data\Functor\Contravariant\Rep.hs:55:1: warning: [-Winline-rule-shadowing]
    Rule "tabulate/index" may never fire
      because rule "Class op index" for ‘index’ might fire first
    Probable fix: add phase [n] or [~n] to the competing rule
[ 3 of 11] Compiling Data.Functor.Contravariant.Adjunction ( src\Data\Functor\Contravariant\Adjunction.hs, .stack-work\dist\ca59d0ab\build\Data\Functor\Contravariant\Adjunction.o )
[ 4 of 11] Compiling Data.Functor.Adjunction ( src\Data\Functor\Adjunction.hs, .stack-work\dist\ca59d0ab\build\Data\Functor\Adjunction.o )
[ 5 of 11] Compiling Control.Monad.Trans.Conts ( src\Control\Monad\Trans\Conts.hs, .stack-work\dist\ca59d0ab\build\Control\Monad\Trans\Conts.o )
[ 6 of 11] Compiling Control.Monad.Trans.Contravariant.Adjoint ( src\Control\Monad\Trans\Contravariant\Adjoint.hs, .stack-work\dist\ca59d0ab\build\Control\Monad\Trans\Contravariant\Adjoint.o )
[ 7 of 11] Compiling Control.Monad.Trans.Adjoint ( src\Control\Monad\Trans\Adjoint.hs, .stack-work\dist\ca59d0ab\build\Control\Monad\Trans\Adjoint.o )
[ 8 of 11] Compiling Control.Monad.Representable.State ( src\Control\Monad\Representable\State.hs, .stack-work\dist\ca59d0ab\build\Control\Monad\Representable\State.o )
[ 9 of 11] Compiling Control.Monad.Representable.Reader ( src\Control\Monad\Representable\Reader.hs, .stack-work\dist\ca59d0ab\build\Control\Monad\Representable\Reader.o )
[10 of 11] Compiling Control.Comonad.Trans.Adjoint ( src\Control\Comonad\Trans\Adjoint.hs, .stack-work\dist\ca59d0ab\build\Control\Comonad\Trans\Adjoint.o )
[11 of 11] Compiling Control.Comonad.Representable.Store ( src\Control\Comonad\Representable\Store.hs, .stack-work\dist\ca59d0ab\build\Control\Comonad\Representable\Store.o )
[ 1 of 11] Compiling Data.Functor.Rep ( src\Data\Functor\Rep.hs, .stack-work\dist\ca59d0ab\build\Data\Functor\Rep.p_o )

src\Data\Functor\Rep.hs:111:1: warning: [-Winline-rule-shadowing]
    Rule "tabulate/index" may never fire
      because rule "Class op index" for ‘index’ might fire first
    Probable fix: add phase [n] or [~n] to the competing rule
[ 2 of 11] Compiling Data.Functor.Contravariant.Rep ( src\Data\Functor\Contravariant\Rep.hs, .stack-work\dist\ca59d0ab\build\Data\Functor\Contravariant\Rep.p_o )

src\Data\Functor\Contravariant\Rep.hs:55:1: warning: [-Winline-rule-shadowing]
    Rule "tabulate/index" may never fire
      because rule "Class op index" for ‘index’ might fire first
    Probable fix: add phase [n] or [~n] to the competing rule
[ 3 of 11] Compiling Data.Functor.Contravariant.Adjunction ( src\Data\Functor\Contravariant\Adjunction.hs, .stack-work\dist\ca59d0ab\build\Data\Functor\Contravariant\Adjunction.p_o )
[ 4 of 11] Compiling Data.Functor.Adjunction ( src\Data\Functor\Adjunction.hs, .stack-work\dist\ca59d0ab\build\Data\Functor\Adjunction.p_o )
[ 5 of 11] Compiling Control.Monad.Trans.Conts ( src\Control\Monad\Trans\Conts.hs, .stack-work\dist\ca59d0ab\build\Control\Monad\Trans\Conts.p_o )
[ 6 of 11] Compiling Control.Monad.Trans.Contravariant.Adjoint ( src\Control\Monad\Trans\Contravariant\Adjoint.hs, .stack-work\dist\ca59d0ab\build\Control\Monad\Trans\Contravariant\Adjoint.p_o )
[ 7 of 11] Compiling Control.Monad.Trans.Adjoint ( src\Control\Monad\Trans\Adjoint.hs, .stack-work\dist\ca59d0ab\build\Control\Monad\Trans\Adjoint.p_o )
[ 8 of 11] Compiling Control.Monad.Representable.State ( src\Control\Monad\Representable\State.hs, .stack-work\dist\ca59d0ab\build\Control\Monad\Representable\State.p_o )
[ 9 of 11] Compiling Control.Monad.Representable.Reader ( src\Control\Monad\Representable\Reader.hs, .stack-work\dist\ca59d0ab\build\Control\Monad\Representable\Reader.p_o )
[10 of 11] Compiling Control.Comonad.Trans.Adjoint ( src\Control\Comonad\Trans\Adjoint.hs, .stack-work\dist\ca59d0ab\build\Control\Comonad\Trans\Adjoint.p_o )
[11 of 11] Compiling Control.Comonad.Representable.Store ( src\Control\Comonad\Representable\Store.hs, .stack-work\dist\ca59d0ab\build\Control\Comonad\Representable\Store.p_o )
Installing library in
C:\sr\snapshots\b201cfe6\lib\x86_64-windows-ghc-8.0.2\adjunctions-4.3-5CqTSM7liCdC9cb4N2IolK
Registering adjunctions-4.3...
