[1 of 2] Compiling Main             ( C:\Users\Ethan\AppData\Local\Temp\stack5252\comonad-5\Setup.lhs, C:\Users\Ethan\AppData\Local\Temp\stack5252\comonad-5\.stack-work\dist\ca59d0ab\setup\Main.o )

C:\Users\Ethan\AppData\Local\Temp\stack5252\comonad-5\Setup.lhs:51:69: warning: [-Wdeprecations]
    In the use of type constructor or class ‘InstalledPackageId’
    (imported from Distribution.Package):
    Deprecated: "Use UnitId instead"
[2 of 2] Compiling StackSetupShim   ( C:\sr\setup-exe-src\setup-shim-Z6RU0evB.hs, C:\Users\Ethan\AppData\Local\Temp\stack5252\comonad-5\.stack-work\dist\ca59d0ab\setup\StackSetupShim.o )
Linking C:\Users\Ethan\AppData\Local\Temp\stack5252\comonad-5\.stack-work\dist\ca59d0ab\setup\setup.exe ...
Configuring comonad-5...
Building comonad-5...
Preprocessing library comonad-5...
[ 1 of 15] Compiling Data.Functor.Composition ( src\Data\Functor\Composition.hs, .stack-work\dist\ca59d0ab\build\Data\Functor\Composition.o )
[ 2 of 15] Compiling Control.Comonad.Trans.Identity ( src\Control\Comonad\Trans\Identity.hs, .stack-work\dist\ca59d0ab\build\Control\Comonad\Trans\Identity.o )
[ 3 of 15] Compiling Control.Comonad  ( src\Control\Comonad.hs, .stack-work\dist\ca59d0ab\build\Control\Comonad.o )
[ 4 of 15] Compiling Control.Comonad.Hoist.Class ( src\Control\Comonad\Hoist\Class.hs, .stack-work\dist\ca59d0ab\build\Control\Comonad\Hoist\Class.o )
[ 5 of 15] Compiling Control.Comonad.Identity ( src\Control\Comonad\Identity.hs, .stack-work\dist\ca59d0ab\build\Control\Comonad\Identity.o )
[ 6 of 15] Compiling Control.Comonad.Trans.Class ( src\Control\Comonad\Trans\Class.hs, .stack-work\dist\ca59d0ab\build\Control\Comonad\Trans\Class.o )
[ 7 of 15] Compiling Control.Comonad.Trans.Env ( src\Control\Comonad\Trans\Env.hs, .stack-work\dist\ca59d0ab\build\Control\Comonad\Trans\Env.o )
[ 8 of 15] Compiling Control.Comonad.Trans.Store ( src\Control\Comonad\Trans\Store.hs, .stack-work\dist\ca59d0ab\build\Control\Comonad\Trans\Store.o )
[ 9 of 15] Compiling Control.Comonad.Trans.Traced ( src\Control\Comonad\Trans\Traced.hs, .stack-work\dist\ca59d0ab\build\Control\Comonad\Trans\Traced.o )
[10 of 15] Compiling Control.Comonad.Env.Class ( src\Control\Comonad\Env\Class.hs, .stack-work\dist\ca59d0ab\build\Control\Comonad\Env\Class.o )
[11 of 15] Compiling Control.Comonad.Env ( src\Control\Comonad\Env.hs, .stack-work\dist\ca59d0ab\build\Control\Comonad\Env.o )
[12 of 15] Compiling Control.Comonad.Store.Class ( src\Control\Comonad\Store\Class.hs, .stack-work\dist\ca59d0ab\build\Control\Comonad\Store\Class.o )
[13 of 15] Compiling Control.Comonad.Store ( src\Control\Comonad\Store.hs, .stack-work\dist\ca59d0ab\build\Control\Comonad\Store.o )
[14 of 15] Compiling Control.Comonad.Traced.Class ( src\Control\Comonad\Traced\Class.hs, .stack-work\dist\ca59d0ab\build\Control\Comonad\Traced\Class.o )
[15 of 15] Compiling Control.Comonad.Traced ( src\Control\Comonad\Traced.hs, .stack-work\dist\ca59d0ab\build\Control\Comonad\Traced.o )
[ 1 of 15] Compiling Data.Functor.Composition ( src\Data\Functor\Composition.hs, .stack-work\dist\ca59d0ab\build\Data\Functor\Composition.p_o )
[ 2 of 15] Compiling Control.Comonad.Trans.Identity ( src\Control\Comonad\Trans\Identity.hs, .stack-work\dist\ca59d0ab\build\Control\Comonad\Trans\Identity.p_o )
[ 3 of 15] Compiling Control.Comonad  ( src\Control\Comonad.hs, .stack-work\dist\ca59d0ab\build\Control\Comonad.p_o )
[ 4 of 15] Compiling Control.Comonad.Hoist.Class ( src\Control\Comonad\Hoist\Class.hs, .stack-work\dist\ca59d0ab\build\Control\Comonad\Hoist\Class.p_o )
[ 5 of 15] Compiling Control.Comonad.Identity ( src\Control\Comonad\Identity.hs, .stack-work\dist\ca59d0ab\build\Control\Comonad\Identity.p_o )
[ 6 of 15] Compiling Control.Comonad.Trans.Class ( src\Control\Comonad\Trans\Class.hs, .stack-work\dist\ca59d0ab\build\Control\Comonad\Trans\Class.p_o )
[ 7 of 15] Compiling Control.Comonad.Trans.Env ( src\Control\Comonad\Trans\Env.hs, .stack-work\dist\ca59d0ab\build\Control\Comonad\Trans\Env.p_o )
[ 8 of 15] Compiling Control.Comonad.Trans.Store ( src\Control\Comonad\Trans\Store.hs, .stack-work\dist\ca59d0ab\build\Control\Comonad\Trans\Store.p_o )
[ 9 of 15] Compiling Control.Comonad.Trans.Traced ( src\Control\Comonad\Trans\Traced.hs, .stack-work\dist\ca59d0ab\build\Control\Comonad\Trans\Traced.p_o )
[10 of 15] Compiling Control.Comonad.Env.Class ( src\Control\Comonad\Env\Class.hs, .stack-work\dist\ca59d0ab\build\Control\Comonad\Env\Class.p_o )
[11 of 15] Compiling Control.Comonad.Env ( src\Control\Comonad\Env.hs, .stack-work\dist\ca59d0ab\build\Control\Comonad\Env.p_o )
[12 of 15] Compiling Control.Comonad.Store.Class ( src\Control\Comonad\Store\Class.hs, .stack-work\dist\ca59d0ab\build\Control\Comonad\Store\Class.p_o )
[13 of 15] Compiling Control.Comonad.Store ( src\Control\Comonad\Store.hs, .stack-work\dist\ca59d0ab\build\Control\Comonad\Store.p_o )
[14 of 15] Compiling Control.Comonad.Traced.Class ( src\Control\Comonad\Traced\Class.hs, .stack-work\dist\ca59d0ab\build\Control\Comonad\Traced\Class.p_o )
[15 of 15] Compiling Control.Comonad.Traced ( src\Control\Comonad\Traced.hs, .stack-work\dist\ca59d0ab\build\Control\Comonad\Traced.p_o )
Installing library in
C:\sr\snapshots\b201cfe6\lib\x86_64-windows-ghc-8.0.2\comonad-5-ETWy8l913C0Kq2HEAZg6Cb
Registering comonad-5...
