Configuring cryptohash-sha256-0.11.100.1...
Building cryptohash-sha256-0.11.100.1...
Preprocessing library cryptohash-sha256-0.11.100.1...
[1 of 1] Compiling Crypto.Hash.SHA256 ( src\Crypto\Hash\SHA256.hs, .stack-work\dist\ca59d0ab\build\Crypto\Hash\SHA256.o )

src\Crypto\Hash\SHA256.hs:124:11: warning: [-Winline-rule-shadowing]
    Rule "digestSize" may never fire
      because ‘B.length’ might inline first
    Probable fix: add an INLINE[n] or NOINLINE[n] pragma for ‘B.length’

src\Crypto\Hash\SHA256.hs:127:11: warning: [-Winline-rule-shadowing]
    Rule "hashmany" may never fire
      because rule "Class op foldl" for ‘foldl’ might fire first
    Probable fix: add phase [n] or [~n] to the competing rule

src\Crypto\Hash\SHA256.hs:128:11: warning: [-Winline-rule-shadowing]
    Rule "hashlazy" may never fire because ‘$’ might inline first
    Probable fix: add an INLINE[n] or NOINLINE[n] pragma for ‘$’

src\Crypto\Hash\SHA256.hs:128:11: warning: [-Winline-rule-shadowing]
    Rule "hashlazy" may never fire
      because rule "Class op foldl" for ‘foldl’ might fire first
    Probable fix: add phase [n] or [~n] to the competing rule

src\Crypto\Hash\SHA256.hs:128:11: warning: [-Winline-rule-shadowing]
    Rule "hashlazy" may never fire
      because ‘L.toChunks’ might inline first
    Probable fix: add an INLINE[n] or NOINLINE[n] pragma for ‘L.toChunks’
Installing library in
C:\sr\snapshots\b201cfe6\lib\x86_64-windows-ghc-8.0.2\cryptohash-sha256-0.11.100.1-4jVo7W1Cec2JgABhLoMmkP
Registering cryptohash-sha256-0.11.100.1...
