Configuring free-4.12.4...
Building free-4.12.4...
Preprocessing library free-4.12.4...
[ 1 of 16] Compiling Control.Monad.Free.TH ( src\Control\Monad\Free\TH.hs, .stack-work\dist\ca59d0ab\build\Control\Monad\Free\TH.o )
[ 2 of 16] Compiling Control.Monad.Free.Class ( src\Control\Monad\Free\Class.hs, .stack-work\dist\ca59d0ab\build\Control\Monad\Free\Class.o )
[ 3 of 16] Compiling Control.Monad.Trans.Free ( src\Control\Monad\Trans\Free.hs, .stack-work\dist\ca59d0ab\build\Control\Monad\Trans\Free.o )
[ 4 of 16] Compiling Control.Monad.Trans.Free.Church ( src\Control\Monad\Trans\Free\Church.hs, .stack-work\dist\ca59d0ab\build\Control\Monad\Trans\Free\Church.o )
[ 5 of 16] Compiling Control.Monad.Trans.Iter ( src\Control\Monad\Trans\Iter.hs, .stack-work\dist\ca59d0ab\build\Control\Monad\Trans\Iter.o )
[ 6 of 16] Compiling Control.Monad.Free ( src\Control\Monad\Free.hs, .stack-work\dist\ca59d0ab\build\Control\Monad\Free.o )
[ 7 of 16] Compiling Control.Monad.Free.Church ( src\Control\Monad\Free\Church.hs, .stack-work\dist\ca59d0ab\build\Control\Monad\Free\Church.o )
[ 8 of 16] Compiling Control.Comonad.Cofree.Class ( src\Control\Comonad\Cofree\Class.hs, .stack-work\dist\ca59d0ab\build\Control\Comonad\Cofree\Class.o )
[ 9 of 16] Compiling Control.Comonad.Trans.Cofree ( src\Control\Comonad\Trans\Cofree.hs, .stack-work\dist\ca59d0ab\build\Control\Comonad\Trans\Cofree.o )
[10 of 16] Compiling Control.Comonad.Trans.Coiter ( src\Control\Comonad\Trans\Coiter.hs, .stack-work\dist\ca59d0ab\build\Control\Comonad\Trans\Coiter.o )
[11 of 16] Compiling Control.Comonad.Cofree ( src\Control\Comonad\Cofree.hs, .stack-work\dist\ca59d0ab\build\Control\Comonad\Cofree.o )
[12 of 16] Compiling Control.Applicative.Trans.Free ( src\Control\Applicative\Trans\Free.hs, .stack-work\dist\ca59d0ab\build\Control\Applicative\Trans\Free.o )
[13 of 16] Compiling Control.Applicative.Free.Final ( src\Control\Applicative\Free\Final.hs, .stack-work\dist\ca59d0ab\build\Control\Applicative\Free\Final.o )
[14 of 16] Compiling Control.Applicative.Free ( src\Control\Applicative\Free.hs, .stack-work\dist\ca59d0ab\build\Control\Applicative\Free.o )
[15 of 16] Compiling Control.Alternative.Free.Final ( src\Control\Alternative\Free\Final.hs, .stack-work\dist\ca59d0ab\build\Control\Alternative\Free\Final.o )
[16 of 16] Compiling Control.Alternative.Free ( src\Control\Alternative\Free.hs, .stack-work\dist\ca59d0ab\build\Control\Alternative\Free.o )
[ 1 of 16] Compiling Control.Monad.Free.TH ( src\Control\Monad\Free\TH.hs, .stack-work\dist\ca59d0ab\build\Control\Monad\Free\TH.p_o )
[ 2 of 16] Compiling Control.Monad.Free.Class ( src\Control\Monad\Free\Class.hs, .stack-work\dist\ca59d0ab\build\Control\Monad\Free\Class.p_o )
[ 3 of 16] Compiling Control.Monad.Trans.Free ( src\Control\Monad\Trans\Free.hs, .stack-work\dist\ca59d0ab\build\Control\Monad\Trans\Free.p_o )
[ 4 of 16] Compiling Control.Monad.Trans.Free.Church ( src\Control\Monad\Trans\Free\Church.hs, .stack-work\dist\ca59d0ab\build\Control\Monad\Trans\Free\Church.p_o )
[ 5 of 16] Compiling Control.Monad.Trans.Iter ( src\Control\Monad\Trans\Iter.hs, .stack-work\dist\ca59d0ab\build\Control\Monad\Trans\Iter.p_o )
[ 6 of 16] Compiling Control.Monad.Free ( src\Control\Monad\Free.hs, .stack-work\dist\ca59d0ab\build\Control\Monad\Free.p_o )
[ 7 of 16] Compiling Control.Monad.Free.Church ( src\Control\Monad\Free\Church.hs, .stack-work\dist\ca59d0ab\build\Control\Monad\Free\Church.p_o )
[ 8 of 16] Compiling Control.Comonad.Cofree.Class ( src\Control\Comonad\Cofree\Class.hs, .stack-work\dist\ca59d0ab\build\Control\Comonad\Cofree\Class.p_o )
[ 9 of 16] Compiling Control.Comonad.Trans.Cofree ( src\Control\Comonad\Trans\Cofree.hs, .stack-work\dist\ca59d0ab\build\Control\Comonad\Trans\Cofree.p_o )
[10 of 16] Compiling Control.Comonad.Trans.Coiter ( src\Control\Comonad\Trans\Coiter.hs, .stack-work\dist\ca59d0ab\build\Control\Comonad\Trans\Coiter.p_o )
[11 of 16] Compiling Control.Comonad.Cofree ( src\Control\Comonad\Cofree.hs, .stack-work\dist\ca59d0ab\build\Control\Comonad\Cofree.p_o )
[12 of 16] Compiling Control.Applicative.Trans.Free ( src\Control\Applicative\Trans\Free.hs, .stack-work\dist\ca59d0ab\build\Control\Applicative\Trans\Free.p_o )
[13 of 16] Compiling Control.Applicative.Free.Final ( src\Control\Applicative\Free\Final.hs, .stack-work\dist\ca59d0ab\build\Control\Applicative\Free\Final.p_o )
[14 of 16] Compiling Control.Applicative.Free ( src\Control\Applicative\Free.hs, .stack-work\dist\ca59d0ab\build\Control\Applicative\Free.p_o )
[15 of 16] Compiling Control.Alternative.Free.Final ( src\Control\Alternative\Free\Final.hs, .stack-work\dist\ca59d0ab\build\Control\Alternative\Free\Final.p_o )
[16 of 16] Compiling Control.Alternative.Free ( src\Control\Alternative\Free.hs, .stack-work\dist\ca59d0ab\build\Control\Alternative\Free.p_o )
Installing library in
C:\sr\snapshots\b201cfe6\lib\x86_64-windows-ghc-8.0.2\free-4.12.4-Ab5EFvlPq2CHsY4aRoQQaZ
Registering free-4.12.4...
