Configuring hackage-security-0.5.2.2...
Building hackage-security-0.5.2.2...
Preprocessing library hackage-security-0.5.2.2...
[ 1 of 42] Compiling Prelude          ( src\Prelude.hs, .stack-work\dist\ca59d0ab\build\Prelude.o )
[ 2 of 42] Compiling Text.JSON.Canonical ( src\Text\JSON\Canonical.hs, .stack-work\dist\ca59d0ab\build\Text\JSON\Canonical.o )
[ 3 of 42] Compiling Hackage.Security.Util.TypedEmbedded ( src\Hackage\Security\Util\TypedEmbedded.hs, .stack-work\dist\ca59d0ab\build\Hackage\Security\Util\TypedEmbedded.o )
[ 4 of 42] Compiling Hackage.Security.Util.Stack ( src\Hackage\Security\Util\Stack.hs, .stack-work\dist\ca59d0ab\build\Hackage\Security\Util\Stack.o )
[ 5 of 42] Compiling Hackage.Security.Util.Pretty ( src\Hackage\Security\Util\Pretty.hs, .stack-work\dist\ca59d0ab\build\Hackage\Security\Util\Pretty.o )
[ 6 of 42] Compiling Hackage.Security.Util.Some ( src\Hackage\Security\Util\Some.hs, .stack-work\dist\ca59d0ab\build\Hackage\Security\Util\Some.o )
[ 7 of 42] Compiling Hackage.Security.Util.Path ( src\Hackage\Security\Util\Path.hs, .stack-work\dist\ca59d0ab\build\Hackage\Security\Util\Path.o )
[ 8 of 42] Compiling Hackage.Security.Util.Lens ( src\Hackage\Security\Util\Lens.hs, .stack-work\dist\ca59d0ab\build\Hackage\Security\Util\Lens.o )
[ 9 of 42] Compiling Hackage.Security.Util.JSON ( src\Hackage\Security\Util\JSON.hs, .stack-work\dist\ca59d0ab\build\Hackage\Security\Util\JSON.o )
[10 of 42] Compiling Hackage.Security.Util.IO ( src\Hackage\Security\Util\IO.hs, .stack-work\dist\ca59d0ab\build\Hackage\Security\Util\IO.o )
[11 of 42] Compiling Hackage.Security.Util.Checked ( src\Hackage\Security\Util\Checked.hs, .stack-work\dist\ca59d0ab\build\Hackage\Security\Util\Checked.o )
[12 of 42] Compiling Hackage.Security.Util.Base64 ( src\Hackage\Security\Util\Base64.hs, .stack-work\dist\ca59d0ab\build\Hackage\Security\Util\Base64.o )
[13 of 42] Compiling Hackage.Security.TUF.Paths ( src\Hackage\Security\TUF\Paths.hs, .stack-work\dist\ca59d0ab\build\Hackage\Security\TUF\Paths.o )
[14 of 42] Compiling Hackage.Security.TUF.Layout.Repo ( src\Hackage\Security\TUF\Layout\Repo.hs, .stack-work\dist\ca59d0ab\build\Hackage\Security\TUF\Layout\Repo.o )
[15 of 42] Compiling Hackage.Security.TUF.Layout.Cache ( src\Hackage\Security\TUF\Layout\Cache.hs, .stack-work\dist\ca59d0ab\build\Hackage\Security\TUF\Layout\Cache.o )
[16 of 42] Compiling Hackage.Security.Key ( src\Hackage\Security\Key.hs, .stack-work\dist\ca59d0ab\build\Hackage\Security\Key.o )
[17 of 42] Compiling Hackage.Security.Key.Env ( src\Hackage\Security\Key\Env.hs, .stack-work\dist\ca59d0ab\build\Hackage\Security\Key\Env.o )
[18 of 42] Compiling Hackage.Security.JSON ( src\Hackage\Security\JSON.hs, .stack-work\dist\ca59d0ab\build\Hackage\Security\JSON.o )
[19 of 42] Compiling Hackage.Security.TUF.Common ( src\Hackage\Security\TUF\Common.hs, .stack-work\dist\ca59d0ab\build\Hackage\Security\TUF\Common.o )
[20 of 42] Compiling Hackage.Security.TUF.FileInfo ( src\Hackage\Security\TUF\FileInfo.hs, .stack-work\dist\ca59d0ab\build\Hackage\Security\TUF\FileInfo.o )
[21 of 42] Compiling Hackage.Security.TUF.FileMap ( src\Hackage\Security\TUF\FileMap.hs, .stack-work\dist\ca59d0ab\build\Hackage\Security\TUF\FileMap.o )
[22 of 42] Compiling Hackage.Security.TUF.Header ( src\Hackage\Security\TUF\Header.hs, .stack-work\dist\ca59d0ab\build\Hackage\Security\TUF\Header.o )
[23 of 42] Compiling Hackage.Security.TUF.Patterns ( src\Hackage\Security\TUF\Patterns.hs, .stack-work\dist\ca59d0ab\build\Hackage\Security\TUF\Patterns.o )
[24 of 42] Compiling Hackage.Security.TUF.Signed ( src\Hackage\Security\TUF\Signed.hs, .stack-work\dist\ca59d0ab\build\Hackage\Security\TUF\Signed.o )
[25 of 42] Compiling Hackage.Security.TUF.Mirrors ( src\Hackage\Security\TUF\Mirrors.hs, .stack-work\dist\ca59d0ab\build\Hackage\Security\TUF\Mirrors.o )
[26 of 42] Compiling Hackage.Security.TUF.Snapshot ( src\Hackage\Security\TUF\Snapshot.hs, .stack-work\dist\ca59d0ab\build\Hackage\Security\TUF\Snapshot.o )
[27 of 42] Compiling Hackage.Security.TUF.Targets ( src\Hackage\Security\TUF\Targets.hs, .stack-work\dist\ca59d0ab\build\Hackage\Security\TUF\Targets.o )
[28 of 42] Compiling Hackage.Security.TUF.Layout.Index ( src\Hackage\Security\TUF\Layout\Index.hs, .stack-work\dist\ca59d0ab\build\Hackage\Security\TUF\Layout\Index.o )
[29 of 42] Compiling Hackage.Security.TUF.Timestamp ( src\Hackage\Security\TUF\Timestamp.hs, .stack-work\dist\ca59d0ab\build\Hackage\Security\TUF\Timestamp.o )
[30 of 42] Compiling Hackage.Security.TUF.Root ( src\Hackage\Security\TUF\Root.hs, .stack-work\dist\ca59d0ab\build\Hackage\Security\TUF\Root.o )
[31 of 42] Compiling Hackage.Security.TUF ( src\Hackage\Security\TUF.hs, .stack-work\dist\ca59d0ab\build\Hackage\Security\TUF.o )
[32 of 42] Compiling Hackage.Security.Server ( src\Hackage\Security\Server.hs, .stack-work\dist\ca59d0ab\build\Hackage\Security\Server.o )
[33 of 42] Compiling Hackage.Security.Trusted.TCB ( src\Hackage\Security\Trusted\TCB.hs, .stack-work\dist\ca59d0ab\build\Hackage\Security\Trusted\TCB.o )
[34 of 42] Compiling Hackage.Security.Trusted ( src\Hackage\Security\Trusted.hs, .stack-work\dist\ca59d0ab\build\Hackage\Security\Trusted.o )
[35 of 42] Compiling Hackage.Security.Client.Verify ( src\Hackage\Security\Client\Verify.hs, .stack-work\dist\ca59d0ab\build\Hackage\Security\Client\Verify.o )
[36 of 42] Compiling Hackage.Security.Client.Formats ( src\Hackage\Security\Client\Formats.hs, .stack-work\dist\ca59d0ab\build\Hackage\Security\Client\Formats.o )
[37 of 42] Compiling Hackage.Security.Client.Repository ( src\Hackage\Security\Client\Repository.hs, .stack-work\dist\ca59d0ab\build\Hackage\Security\Client\Repository.o )
[38 of 42] Compiling Hackage.Security.Client.Repository.HttpLib ( src\Hackage\Security\Client\Repository\HttpLib.hs, .stack-work\dist\ca59d0ab\build\Hackage\Security\Client\Repository\HttpLib.o )
[39 of 42] Compiling Hackage.Security.Client.Repository.Cache ( src\Hackage\Security\Client\Repository\Cache.hs, .stack-work\dist\ca59d0ab\build\Hackage\Security\Client\Repository\Cache.o )
[40 of 42] Compiling Hackage.Security.Client.Repository.Local ( src\Hackage\Security\Client\Repository\Local.hs, .stack-work\dist\ca59d0ab\build\Hackage\Security\Client\Repository\Local.o )
[41 of 42] Compiling Hackage.Security.Client.Repository.Remote ( src\Hackage\Security\Client\Repository\Remote.hs, .stack-work\dist\ca59d0ab\build\Hackage\Security\Client\Repository\Remote.o )
[42 of 42] Compiling Hackage.Security.Client ( src\Hackage\Security\Client.hs, .stack-work\dist\ca59d0ab\build\Hackage\Security\Client.o )
Installing library in
C:\sr\snapshots\b201cfe6\lib\x86_64-windows-ghc-8.0.2\hackage-security-0.5.2.2-KaAZVXiBc3R5t17m388KKo
Registering hackage-security-0.5.2.2...
