Configuring hashable-1.2.5.0...
Building hashable-1.2.5.0...
Preprocessing library hashable-1.2.5.0...
[1 of 4] Compiling Data.Hashable.Class ( Data\Hashable\Class.hs, .stack-work\dist\ca59d0ab\build\Data\Hashable\Class.o )

Data\Hashable\Class.hs:594:28: warning: [-Wdeprecations]
    In the use of ‘inlinePerformIO’
    (imported from Data.ByteString.Internal):
    Deprecated: "If you think you know what you are doing, use 'unsafePerformIO'. If you are sure you know what you are doing, use 'unsafeDupablePerformIO'. If you enjoy sharing an address space with a malevolent agent of chaos, try 'accursedUnutterablePerformIO'."
[2 of 4] Compiling Data.Hashable.Generic ( Data\Hashable\Generic.hs, .stack-work\dist\ca59d0ab\build\Data\Hashable\Generic.o )
[3 of 4] Compiling Data.Hashable.Lifted ( Data\Hashable\Lifted.hs, .stack-work\dist\ca59d0ab\build\Data\Hashable\Lifted.o )
[4 of 4] Compiling Data.Hashable    ( Data\Hashable.hs, .stack-work\dist\ca59d0ab\build\Data\Hashable.o )
[1 of 4] Compiling Data.Hashable.Class ( Data\Hashable\Class.hs, .stack-work\dist\ca59d0ab\build\Data\Hashable\Class.p_o )

Data\Hashable\Class.hs:594:28: warning: [-Wdeprecations]
    In the use of ‘inlinePerformIO’
    (imported from Data.ByteString.Internal):
    Deprecated: "If you think you know what you are doing, use 'unsafePerformIO'. If you are sure you know what you are doing, use 'unsafeDupablePerformIO'. If you enjoy sharing an address space with a malevolent agent of chaos, try 'accursedUnutterablePerformIO'."
[2 of 4] Compiling Data.Hashable.Generic ( Data\Hashable\Generic.hs, .stack-work\dist\ca59d0ab\build\Data\Hashable\Generic.p_o )
[3 of 4] Compiling Data.Hashable.Lifted ( Data\Hashable\Lifted.hs, .stack-work\dist\ca59d0ab\build\Data\Hashable\Lifted.p_o )
[4 of 4] Compiling Data.Hashable    ( Data\Hashable.hs, .stack-work\dist\ca59d0ab\build\Data\Hashable.p_o )
Installing library in
C:\sr\snapshots\b201cfe6\lib\x86_64-windows-ghc-8.0.2\hashable-1.2.5.0-F4MWeNuv2sjJRqBd2T5ul4
Registering hashable-1.2.5.0...
