[1 of 2] Compiling Main             ( C:\Users\Ethan\AppData\Local\Temp\stack5252\linear-1.20.5\Setup.lhs, C:\Users\Ethan\AppData\Local\Temp\stack5252\linear-1.20.5\.stack-work\dist\ca59d0ab\setup\Main.o )

C:\Users\Ethan\AppData\Local\Temp\stack5252\linear-1.20.5\Setup.lhs:44:69: warning: [-Wdeprecations]
    In the use of type constructor or class ‘InstalledPackageId’
    (imported from Distribution.Package):
    Deprecated: "Use UnitId instead"
[2 of 2] Compiling StackSetupShim   ( C:\sr\setup-exe-src\setup-shim-Z6RU0evB.hs, C:\Users\Ethan\AppData\Local\Temp\stack5252\linear-1.20.5\.stack-work\dist\ca59d0ab\setup\StackSetupShim.o )
Linking C:\Users\Ethan\AppData\Local\Temp\stack5252\linear-1.20.5\.stack-work\dist\ca59d0ab\setup\setup.exe ...
Configuring linear-1.20.5...
Building linear-1.20.5...
Preprocessing library linear-1.20.5...
[ 1 of 22] Compiling Linear.Instances ( src\Linear\Instances.hs, .stack-work\dist\ca59d0ab\build\Linear\Instances.o )
[ 2 of 22] Compiling Linear.Vector    ( src\Linear\Vector.hs, .stack-work\dist\ca59d0ab\build\Linear\Vector.o )
[ 3 of 22] Compiling Linear.Epsilon   ( src\Linear\Epsilon.hs, .stack-work\dist\ca59d0ab\build\Linear\Epsilon.o )
[ 4 of 22] Compiling Linear.Metric    ( src\Linear\Metric.hs, .stack-work\dist\ca59d0ab\build\Linear\Metric.o )
[ 5 of 22] Compiling Linear.V         ( src\Linear\V.hs, .stack-work\dist\ca59d0ab\build\Linear\V.o )
[ 6 of 22] Compiling Linear.V0        ( src\Linear\V0.hs, .stack-work\dist\ca59d0ab\build\Linear\V0.o )
[ 7 of 22] Compiling Linear.V1        ( src\Linear\V1.hs, .stack-work\dist\ca59d0ab\build\Linear\V1.o )
[ 8 of 22] Compiling Linear.V2        ( src\Linear\V2.hs, .stack-work\dist\ca59d0ab\build\Linear\V2.o )
[ 9 of 22] Compiling Linear.V3        ( src\Linear\V3.hs, .stack-work\dist\ca59d0ab\build\Linear\V3.o )
[10 of 22] Compiling Linear.V4        ( src\Linear\V4.hs, .stack-work\dist\ca59d0ab\build\Linear\V4.o )
[11 of 22] Compiling Linear.Plucker   ( src\Linear\Plucker.hs, .stack-work\dist\ca59d0ab\build\Linear\Plucker.o )
[12 of 22] Compiling Linear.Plucker.Coincides ( src\Linear\Plucker\Coincides.hs, .stack-work\dist\ca59d0ab\build\Linear\Plucker\Coincides.o )
[13 of 22] Compiling Linear.Conjugate ( src\Linear\Conjugate.hs, .stack-work\dist\ca59d0ab\build\Linear\Conjugate.o )
[14 of 22] Compiling Linear.Quaternion ( src\Linear\Quaternion.hs, .stack-work\dist\ca59d0ab\build\Linear\Quaternion.o )
[15 of 22] Compiling Linear.Trace     ( src\Linear\Trace.hs, .stack-work\dist\ca59d0ab\build\Linear\Trace.o )
[16 of 22] Compiling Linear.Matrix    ( src\Linear\Matrix.hs, .stack-work\dist\ca59d0ab\build\Linear\Matrix.o )
[17 of 22] Compiling Linear.Projection ( src\Linear\Projection.hs, .stack-work\dist\ca59d0ab\build\Linear\Projection.o )
[18 of 22] Compiling Linear.Binary    ( src\Linear\Binary.hs, .stack-work\dist\ca59d0ab\build\Linear\Binary.o )
[19 of 22] Compiling Linear.Algebra   ( src\Linear\Algebra.hs, .stack-work\dist\ca59d0ab\build\Linear\Algebra.o )
[20 of 22] Compiling Linear.Covector  ( src\Linear\Covector.hs, .stack-work\dist\ca59d0ab\build\Linear\Covector.o )
[21 of 22] Compiling Linear.Affine    ( src\Linear\Affine.hs, .stack-work\dist\ca59d0ab\build\Linear\Affine.o )
[22 of 22] Compiling Linear           ( src\Linear.hs, .stack-work\dist\ca59d0ab\build\Linear.o )
[ 1 of 22] Compiling Linear.Instances ( src\Linear\Instances.hs, .stack-work\dist\ca59d0ab\build\Linear\Instances.p_o )
[ 2 of 22] Compiling Linear.Vector    ( src\Linear\Vector.hs, .stack-work\dist\ca59d0ab\build\Linear\Vector.p_o )
[ 3 of 22] Compiling Linear.Epsilon   ( src\Linear\Epsilon.hs, .stack-work\dist\ca59d0ab\build\Linear\Epsilon.p_o )
[ 4 of 22] Compiling Linear.Metric    ( src\Linear\Metric.hs, .stack-work\dist\ca59d0ab\build\Linear\Metric.p_o )
[ 5 of 22] Compiling Linear.V         ( src\Linear\V.hs, .stack-work\dist\ca59d0ab\build\Linear\V.p_o )
[ 6 of 22] Compiling Linear.V0        ( src\Linear\V0.hs, .stack-work\dist\ca59d0ab\build\Linear\V0.p_o )
[ 7 of 22] Compiling Linear.V1        ( src\Linear\V1.hs, .stack-work\dist\ca59d0ab\build\Linear\V1.p_o )
[ 8 of 22] Compiling Linear.V2        ( src\Linear\V2.hs, .stack-work\dist\ca59d0ab\build\Linear\V2.p_o )
[ 9 of 22] Compiling Linear.V3        ( src\Linear\V3.hs, .stack-work\dist\ca59d0ab\build\Linear\V3.p_o )
[10 of 22] Compiling Linear.V4        ( src\Linear\V4.hs, .stack-work\dist\ca59d0ab\build\Linear\V4.p_o )
[11 of 22] Compiling Linear.Plucker   ( src\Linear\Plucker.hs, .stack-work\dist\ca59d0ab\build\Linear\Plucker.p_o )
[12 of 22] Compiling Linear.Plucker.Coincides ( src\Linear\Plucker\Coincides.hs, .stack-work\dist\ca59d0ab\build\Linear\Plucker\Coincides.p_o )
[13 of 22] Compiling Linear.Conjugate ( src\Linear\Conjugate.hs, .stack-work\dist\ca59d0ab\build\Linear\Conjugate.p_o )
[14 of 22] Compiling Linear.Quaternion ( src\Linear\Quaternion.hs, .stack-work\dist\ca59d0ab\build\Linear\Quaternion.p_o )
[15 of 22] Compiling Linear.Trace     ( src\Linear\Trace.hs, .stack-work\dist\ca59d0ab\build\Linear\Trace.p_o )
[16 of 22] Compiling Linear.Matrix    ( src\Linear\Matrix.hs, .stack-work\dist\ca59d0ab\build\Linear\Matrix.p_o )
[17 of 22] Compiling Linear.Projection ( src\Linear\Projection.hs, .stack-work\dist\ca59d0ab\build\Linear\Projection.p_o )
[18 of 22] Compiling Linear.Binary    ( src\Linear\Binary.hs, .stack-work\dist\ca59d0ab\build\Linear\Binary.p_o )
[19 of 22] Compiling Linear.Algebra   ( src\Linear\Algebra.hs, .stack-work\dist\ca59d0ab\build\Linear\Algebra.p_o )
[20 of 22] Compiling Linear.Covector  ( src\Linear\Covector.hs, .stack-work\dist\ca59d0ab\build\Linear\Covector.p_o )
[21 of 22] Compiling Linear.Affine    ( src\Linear\Affine.hs, .stack-work\dist\ca59d0ab\build\Linear\Affine.p_o )
[22 of 22] Compiling Linear           ( src\Linear.hs, .stack-work\dist\ca59d0ab\build\Linear.p_o )
Installing library in
C:\sr\snapshots\b201cfe6\lib\x86_64-windows-ghc-8.0.2\linear-1.20.5-CEAsJizrl7jL0iAxtpGqYP
Registering linear-1.20.5...
