Configuring mtl-2.2.1...
Building mtl-2.2.1...
Preprocessing library mtl-2.2.1...
[ 1 of 22] Compiling Control.Monad.Writer.Class ( Control\Monad\Writer\Class.hs, .stack-work\dist\ca59d0ab\build\Control\Monad\Writer\Class.o )
[ 2 of 22] Compiling Control.Monad.Trans ( Control\Monad\Trans.hs, .stack-work\dist\ca59d0ab\build\Control\Monad\Trans.o )
[ 3 of 22] Compiling Control.Monad.Writer.Lazy ( Control\Monad\Writer\Lazy.hs, .stack-work\dist\ca59d0ab\build\Control\Monad\Writer\Lazy.o )
[ 4 of 22] Compiling Control.Monad.Writer ( Control\Monad\Writer.hs, .stack-work\dist\ca59d0ab\build\Control\Monad\Writer.o )
[ 5 of 22] Compiling Control.Monad.Writer.Strict ( Control\Monad\Writer\Strict.hs, .stack-work\dist\ca59d0ab\build\Control\Monad\Writer\Strict.o )
[ 6 of 22] Compiling Control.Monad.State.Class ( Control\Monad\State\Class.hs, .stack-work\dist\ca59d0ab\build\Control\Monad\State\Class.o )
[ 7 of 22] Compiling Control.Monad.State.Lazy ( Control\Monad\State\Lazy.hs, .stack-work\dist\ca59d0ab\build\Control\Monad\State\Lazy.o )
[ 8 of 22] Compiling Control.Monad.State.Strict ( Control\Monad\State\Strict.hs, .stack-work\dist\ca59d0ab\build\Control\Monad\State\Strict.o )
[ 9 of 22] Compiling Control.Monad.State ( Control\Monad\State.hs, .stack-work\dist\ca59d0ab\build\Control\Monad\State.o )
[10 of 22] Compiling Control.Monad.Reader.Class ( Control\Monad\Reader\Class.hs, .stack-work\dist\ca59d0ab\build\Control\Monad\Reader\Class.o )
[11 of 22] Compiling Control.Monad.Reader ( Control\Monad\Reader.hs, .stack-work\dist\ca59d0ab\build\Control\Monad\Reader.o )
[12 of 22] Compiling Control.Monad.RWS.Class ( Control\Monad\RWS\Class.hs, .stack-work\dist\ca59d0ab\build\Control\Monad\RWS\Class.o )
[13 of 22] Compiling Control.Monad.RWS.Lazy ( Control\Monad\RWS\Lazy.hs, .stack-work\dist\ca59d0ab\build\Control\Monad\RWS\Lazy.o )
[14 of 22] Compiling Control.Monad.RWS.Strict ( Control\Monad\RWS\Strict.hs, .stack-work\dist\ca59d0ab\build\Control\Monad\RWS\Strict.o )
[15 of 22] Compiling Control.Monad.RWS ( Control\Monad\RWS.hs, .stack-work\dist\ca59d0ab\build\Control\Monad\RWS.o )
[16 of 22] Compiling Control.Monad.List ( Control\Monad\List.hs, .stack-work\dist\ca59d0ab\build\Control\Monad\List.o )
[17 of 22] Compiling Control.Monad.Identity ( Control\Monad\Identity.hs, .stack-work\dist\ca59d0ab\build\Control\Monad\Identity.o )
[18 of 22] Compiling Control.Monad.Error.Class ( Control\Monad\Error\Class.hs, .stack-work\dist\ca59d0ab\build\Control\Monad\Error\Class.o )
[19 of 22] Compiling Control.Monad.Except ( Control\Monad\Except.hs, .stack-work\dist\ca59d0ab\build\Control\Monad\Except.o )
[20 of 22] Compiling Control.Monad.Error ( Control\Monad\Error.hs, .stack-work\dist\ca59d0ab\build\Control\Monad\Error.o )
[21 of 22] Compiling Control.Monad.Cont.Class ( Control\Monad\Cont\Class.hs, .stack-work\dist\ca59d0ab\build\Control\Monad\Cont\Class.o )
[22 of 22] Compiling Control.Monad.Cont ( Control\Monad\Cont.hs, .stack-work\dist\ca59d0ab\build\Control\Monad\Cont.o )
[ 1 of 22] Compiling Control.Monad.Writer.Class ( Control\Monad\Writer\Class.hs, .stack-work\dist\ca59d0ab\build\Control\Monad\Writer\Class.p_o )
[ 2 of 22] Compiling Control.Monad.Trans ( Control\Monad\Trans.hs, .stack-work\dist\ca59d0ab\build\Control\Monad\Trans.p_o )
[ 3 of 22] Compiling Control.Monad.Writer.Lazy ( Control\Monad\Writer\Lazy.hs, .stack-work\dist\ca59d0ab\build\Control\Monad\Writer\Lazy.p_o )
[ 4 of 22] Compiling Control.Monad.Writer ( Control\Monad\Writer.hs, .stack-work\dist\ca59d0ab\build\Control\Monad\Writer.p_o )
[ 5 of 22] Compiling Control.Monad.Writer.Strict ( Control\Monad\Writer\Strict.hs, .stack-work\dist\ca59d0ab\build\Control\Monad\Writer\Strict.p_o )
[ 6 of 22] Compiling Control.Monad.State.Class ( Control\Monad\State\Class.hs, .stack-work\dist\ca59d0ab\build\Control\Monad\State\Class.p_o )
[ 7 of 22] Compiling Control.Monad.State.Lazy ( Control\Monad\State\Lazy.hs, .stack-work\dist\ca59d0ab\build\Control\Monad\State\Lazy.p_o )
[ 8 of 22] Compiling Control.Monad.State.Strict ( Control\Monad\State\Strict.hs, .stack-work\dist\ca59d0ab\build\Control\Monad\State\Strict.p_o )
[ 9 of 22] Compiling Control.Monad.State ( Control\Monad\State.hs, .stack-work\dist\ca59d0ab\build\Control\Monad\State.p_o )
[10 of 22] Compiling Control.Monad.Reader.Class ( Control\Monad\Reader\Class.hs, .stack-work\dist\ca59d0ab\build\Control\Monad\Reader\Class.p_o )
[11 of 22] Compiling Control.Monad.Reader ( Control\Monad\Reader.hs, .stack-work\dist\ca59d0ab\build\Control\Monad\Reader.p_o )
[12 of 22] Compiling Control.Monad.RWS.Class ( Control\Monad\RWS\Class.hs, .stack-work\dist\ca59d0ab\build\Control\Monad\RWS\Class.p_o )
[13 of 22] Compiling Control.Monad.RWS.Lazy ( Control\Monad\RWS\Lazy.hs, .stack-work\dist\ca59d0ab\build\Control\Monad\RWS\Lazy.p_o )
[14 of 22] Compiling Control.Monad.RWS.Strict ( Control\Monad\RWS\Strict.hs, .stack-work\dist\ca59d0ab\build\Control\Monad\RWS\Strict.p_o )
[15 of 22] Compiling Control.Monad.RWS ( Control\Monad\RWS.hs, .stack-work\dist\ca59d0ab\build\Control\Monad\RWS.p_o )
[16 of 22] Compiling Control.Monad.List ( Control\Monad\List.hs, .stack-work\dist\ca59d0ab\build\Control\Monad\List.p_o )
[17 of 22] Compiling Control.Monad.Identity ( Control\Monad\Identity.hs, .stack-work\dist\ca59d0ab\build\Control\Monad\Identity.p_o )
[18 of 22] Compiling Control.Monad.Error.Class ( Control\Monad\Error\Class.hs, .stack-work\dist\ca59d0ab\build\Control\Monad\Error\Class.p_o )
[19 of 22] Compiling Control.Monad.Except ( Control\Monad\Except.hs, .stack-work\dist\ca59d0ab\build\Control\Monad\Except.p_o )
[20 of 22] Compiling Control.Monad.Error ( Control\Monad\Error.hs, .stack-work\dist\ca59d0ab\build\Control\Monad\Error.p_o )
[21 of 22] Compiling Control.Monad.Cont.Class ( Control\Monad\Cont\Class.hs, .stack-work\dist\ca59d0ab\build\Control\Monad\Cont\Class.p_o )
[22 of 22] Compiling Control.Monad.Cont ( Control\Monad\Cont.hs, .stack-work\dist\ca59d0ab\build\Control\Monad\Cont.p_o )
Installing library in
C:\sr\snapshots\b201cfe6\lib\x86_64-windows-ghc-8.0.2\mtl-2.2.1-BLKBelFsPB3BoFeSWSOYj6
Registering mtl-2.2.1...
