[1 of 2] Compiling Main             ( C:\Users\Ethan\AppData\Local\Temp\stack8116\network-2.6.3.1\Setup.hs, C:\Users\Ethan\AppData\Local\Temp\stack8116\network-2.6.3.1\.stack-work\dist\ca59d0ab\setup\Main.o )
[2 of 2] Compiling StackSetupShim   ( C:\sr\setup-exe-src\setup-shim-Z6RU0evB.hs, C:\Users\Ethan\AppData\Local\Temp\stack8116\network-2.6.3.1\.stack-work\dist\ca59d0ab\setup\StackSetupShim.o )
Linking C:\Users\Ethan\AppData\Local\Temp\stack8116\network-2.6.3.1\.stack-work\dist\ca59d0ab\setup\setup.exe ...
Configuring network-2.6.3.1...
configure: WARNING: unrecognized options: --with-compiler
configure: loading site script /usr/local/etc/config.site
checking build system type... x86_64-w64-mingw32
checking host system type... x86_64-w64-mingw32
checking for gcc... C:\Users\Ethan\AppData\Local\Programs\stack\X86_64~1\GHC-80~1.2\mingw\bin\gcc.exe
checking whether the C compiler works... yes
checking for C compiler default output file name... a.exe
checking for suffix of executables... .exe
checking whether we are cross compiling... no
checking for suffix of object files... o
checking whether we are using the GNU C compiler... yes
checking whether C:\Users\Ethan\AppData\Local\Programs\stack\X86_64~1\GHC-80~1.2\mingw\bin\gcc.exe accepts -g... yes
checking for C:\Users\Ethan\AppData\Local\Programs\stack\X86_64~1\GHC-80~1.2\mingw\bin\gcc.exe option to accept ISO C89... none needed
checking for an ANSI C-conforming const... yes
checking how to run the C preprocessor... C:\Users\Ethan\AppData\Local\Programs\stack\X86_64~1\GHC-80~1.2\mingw\bin\gcc.exe -E
checking for grep that handles long lines and -e... /usr/bin/grep
checking for egrep... /usr/bin/grep -E
checking for ANSI C header files... yes
checking for sys/types.h... yes
checking for sys/stat.h... yes
checking for stdlib.h... yes
checking for string.h... yes
checking for memory.h... yes
checking for strings.h... yes
checking for inttypes.h... yes
checking for stdint.h... yes
checking for unistd.h... yes
checking fcntl.h usability... yes
checking fcntl.h presence... yes
checking for fcntl.h... yes
checking limits.h usability... yes
checking limits.h presence... yes
checking for limits.h... yes
checking for stdlib.h... (cached) yes
checking for sys/types.h... (cached) yes
checking for unistd.h... (cached) yes
checking winsock2.h usability... yes
checking winsock2.h presence... yes
checking for winsock2.h... yes
checking ws2tcpip.h usability... yes
checking ws2tcpip.h presence... yes
checking for ws2tcpip.h... yes
checking arpa/inet.h usability... no
checking arpa/inet.h presence... no
checking for arpa/inet.h... no
checking netdb.h usability... no
checking netdb.h presence... no
checking for netdb.h... no
checking netinet/in.h usability... no
checking netinet/in.h presence... no
checking for netinet/in.h... no
checking netinet/tcp.h usability... no
checking netinet/tcp.h presence... no
checking for netinet/tcp.h... no
checking sys/socket.h usability... no
checking sys/socket.h presence... no
checking for sys/socket.h... no
checking sys/uio.h usability... no
checking sys/uio.h presence... no
checking for sys/uio.h... no
checking sys/un.h usability... no
checking sys/un.h presence... no
checking for sys/un.h... no
checking linux/can.h usability... no
checking linux/can.h presence... no
checking for linux/can.h... no
checking linux/tcp.h usability... no
checking linux/tcp.h presence... no
checking for linux/tcp.h... no
checking net/if.h usability... no
checking net/if.h presence... no
checking for net/if.h... no
checking for readlink... no
checking for symlink... no
checking for if_nametoindex... no
checking for struct msghdr.msg_control... no
checking for struct msghdr.msg_accrights... no
checking for struct sockaddr.sa_len... no
checking for in_addr_t in netinet/in.h... no
checking for SO_PEERCRED and struct ucred in sys/socket.h... no
checking for getpeereid in unistd.h... checking for getpeereid... no
checking for _head_libws2_32_a in -lws2_32... no
checking for getaddrinfo... yes
checking for gai_strerror... no
checking whether AI_ADDRCONFIG is declared... no
checking whether AI_ALL is declared... no
checking whether AI_NUMERICSERV is declared... no
checking whether AI_V4MAPPED is declared... no
checking whether IPV6_V6ONLY is declared... yes
checking whether IPPROTO_IP is declared... yes
checking whether IPPROTO_TCP is declared... yes
checking whether IPPROTO_IPV6 is declared... yes
checking for sendfile in sys/sendfile.h... no
checking for sendfile in sys/socket.h... no
checking for gethostent... no
checking for accept4... no
configure: creating ./config.status
config.status: creating network.buildinfo
config.status: creating include/HsNetworkConfig.h
configure: WARNING: unrecognized options: --with-compiler
Building network-2.6.3.1...
Preprocessing library network-2.6.3.1...
[1 of 9] Compiling Network.Socket.Types ( .stack-work\dist\ca59d0ab\build\Network\Socket\Types.hs, .stack-work\dist\ca59d0ab\build\Network\Socket\Types.o )

Network\Socket\Types.hsc:72:1: warning: [-Wunused-imports]
    The import of ‘Foreign.Marshal.Array’ is redundant
      except perhaps to import instances from ‘Foreign.Marshal.Array’
    To import instances alone, use: import Foreign.Marshal.Array()

Network\Socket\Types.hsc:761:1: warning: [-Wunsupported-calling-conventions]
    • the 'stdcall' calling convention is unsupported on this platform,
      treating as ccall
    • When checking declaration:
        foreign import stdcall unsafe "static ntohs" ntohs
          :: Word16 -> Word16

Network\Socket\Types.hsc:762:1: warning: [-Wunsupported-calling-conventions]
    • the 'stdcall' calling convention is unsupported on this platform,
      treating as ccall
    • When checking declaration:
        foreign import stdcall unsafe "static htons" htons
          :: Word16 -> Word16

Network\Socket\Types.hsc:763:1: warning: [-Wunsupported-calling-conventions]
    • the 'stdcall' calling convention is unsupported on this platform,
      treating as ccall
    • When checking declaration:
        foreign import stdcall unsafe "static ntohl" ntohl
          :: Word32 -> Word32

Network\Socket\Types.hsc:764:1: warning: [-Wunsupported-calling-conventions]
    • the 'stdcall' calling convention is unsupported on this platform,
      treating as ccall
    • When checking declaration:
        foreign import stdcall unsafe "static htonl" htonl
          :: Word32 -> Word32

Network\Socket\Types.hsc:874:1: warning: [-Wincomplete-patterns]
    Pattern match(es) are non-exhaustive
    In an equation for ‘sizeOfSockAddr’:
        Patterns not matched:
            (SockAddrUnix _)
            (SockAddrCan _)

Network\Socket\Types.hsc:934:1: warning: [-Wincomplete-patterns]
    Pattern match(es) are non-exhaustive
    In an equation for ‘pokeSockAddr’:
        Patterns not matched:
            _ (SockAddrUnix _)
            _ (SockAddrCan _)
[2 of 9] Compiling Network.Socket.Internal ( .stack-work\dist\ca59d0ab\build\Network\Socket\Internal.hs, .stack-work\dist\ca59d0ab\build\Network\Socket\Internal.o )

Network\Socket\Internal.hsc:72:1: warning: [-Wunused-imports]
    The import of ‘Foreign.C.Error’ is redundant
      except perhaps to import instances from ‘Foreign.C.Error’
    To import instances alone, use: import Foreign.C.Error()

Network\Socket\Internal.hsc:179:3: warning: [-Wunused-do-bind]
    A do-notation statement discarded a result of type ‘a’
    Suppress this warning by saying
      ‘_ <- throwSocketErrorIfMinus1Retry name act’

Network\Socket\Internal.hsc:191:9: warning: [-Wname-shadowing]
    This binding for ‘r’ shadows the existing binding
      bound at Network\Socket\Internal.hsc:184:3

Network\Socket\Internal.hsc:206:1: warning: [-Wunsupported-calling-conventions]
    • the 'stdcall' calling convention is unsupported on this platform,
      treating as ccall
    • When checking declaration:
        foreign import stdcall unsafe "static WSAGetLastError" c_getLastError
          :: IO CInt
[3 of 9] Compiling Network.Socket.ByteString.Internal ( Network\Socket\ByteString\Internal.hs, .stack-work\dist\ca59d0ab\build\Network\Socket\ByteString\Internal.o )
[4 of 9] Compiling Network.Socket   ( .stack-work\dist\ca59d0ab\build\Network\Socket.hs, .stack-work\dist\ca59d0ab\build\Network\Socket.o )

Network\Socket.hsc:191:1: warning: [-Wunused-imports]
    The import of ‘Foreign.C.Error’ is redundant
      except perhaps to import instances from ‘Foreign.C.Error’
    To import instances alone, use: import Foreign.C.Error()

Network\Socket.hsc:193:1: warning: [-Wunused-imports]
    The import of ‘CUInt’ from module ‘Foreign.C.Types’ is redundant

Network\Socket.hsc:196:1: warning: [-Wunused-imports]
    The import of ‘Foreign.Marshal.Array’ is redundant
      except perhaps to import instances from ‘Foreign.Marshal.Array’
    To import instances alone, use: import Foreign.Marshal.Array()

Network\Socket.hsc:206:1: warning: [-Wunused-imports]
    The import of ‘threadWaitRead’ from module ‘GHC.Conc’ is redundant

Network\Socket.hsc:260:1: warning: [-Wmissing-signatures]
    Top-level binding with no type signature: socket2FD :: Socket -> FD

Network\Socket.hsc:291:3: warning: [-Wincomplete-patterns]
    Pattern match(es) are non-exhaustive
    In an equation for ‘showsPrec’:
        Patterns not matched:
            _ (SockAddrUnix _)
            _ (SockAddrCan _)

Network\Socket.hsc:451:9: warning: [-Wunused-local-binds]
    Defined but not used: ‘connectBlocked’

Network\Socket.hsc:667:24: warning: [-Wunused-matches]
    Defined but not used: ‘s’

Network\Socket.hsc:725:24: warning: [-Wunused-matches]
    Defined but not used: ‘s’

Network\Socket.hsc:1039:1: warning: [-Wunsupported-calling-conventions]
    • the 'stdcall' calling convention is unsupported on this platform,
      treating as ccall
    • When checking declaration:
        foreign import stdcall unsafe "static htonl" htonl
          :: Word32 -> Word32

Network\Socket.hsc:1041:1: warning: [-Wunsupported-calling-conventions]
    • the 'stdcall' calling convention is unsupported on this platform,
      treating as ccall
    • When checking declaration:
        foreign import stdcall unsafe "static ntohl" ntohl
          :: Word32 -> Word32

Network\Socket.hsc:1548:1: warning: [-Wunsupported-calling-conventions]
    • the 'stdcall' calling convention is unsupported on this platform,
      treating as ccall
    • When checking declaration:
        foreign import stdcall unsafe "static inet_addr" c_inet_addr
          :: Ptr CChar -> IO HostAddress

Network\Socket.hsc:1551:1: warning: [-Wunsupported-calling-conventions]
    • the 'stdcall' calling convention is unsupported on this platform,
      treating as ccall
    • When checking declaration:
        foreign import stdcall unsafe "static shutdown" c_shutdown
          :: CInt -> CInt -> IO CInt

Network\Socket.hsc:1561:1: warning: [-Wunsupported-calling-conventions]
    • the 'stdcall' calling convention is unsupported on this platform,
      treating as ccall
    • When checking declaration:
        foreign import stdcall unsafe "static closesocket" c_close
          :: CInt -> IO CInt

Network\Socket.hsc:1565:1: warning: [-Wunsupported-calling-conventions]
    • the 'stdcall' calling convention is unsupported on this platform,
      treating as ccall
    • When checking declaration:
        foreign import stdcall unsafe "static socket" c_socket
          :: CInt -> CInt -> CInt -> IO CInt

Network\Socket.hsc:1567:1: warning: [-Wunsupported-calling-conventions]
    • the 'stdcall' calling convention is unsupported on this platform,
      treating as ccall
    • When checking declaration:
        foreign import stdcall unsafe "static bind" c_bind
          :: CInt -> Ptr SockAddr -> CInt -> IO CInt

Network\Socket.hsc:1569:1: warning: [-Wunsupported-calling-conventions]
    • the 'stdcall' calling convention is unsupported on this platform,
      treating as ccall
    • When checking declaration:
        foreign import stdcall safe "static connect" c_connect
          :: CInt -> Ptr SockAddr -> CInt -> IO CInt

Network\Socket.hsc:1575:1: warning: [-Wunsupported-calling-conventions]
    • the 'stdcall' calling convention is unsupported on this platform,
      treating as ccall
    • When checking declaration:
        foreign import stdcall unsafe "static accept" c_accept
          :: CInt -> Ptr SockAddr -> Ptr CInt -> IO CInt

Network\Socket.hsc:1575:1: warning: [-Wunused-top-binds]
    Defined but not used: ‘c_accept’

Network\Socket.hsc:1578:1: warning: [-Wunsupported-calling-conventions]
    • the 'stdcall' calling convention is unsupported on this platform,
      treating as ccall
    • When checking declaration:
        foreign import stdcall unsafe "static listen" c_listen
          :: CInt -> CInt -> IO CInt

Network\Socket.hsc:1582:1: warning: [-Wunsupported-calling-conventions]
    • the 'stdcall' calling convention is unsupported on this platform,
      treating as ccall
    • When checking declaration:
        foreign import stdcall safe "static accept" c_accept_safe
          :: CInt -> Ptr SockAddr -> Ptr CInt -> IO CInt

Network\Socket.hsc:1588:1: warning: [-Wunsupported-calling-conventions]
    • the 'stdcall' calling convention is unsupported on this platform,
      treating as ccall
    • When checking declaration:
        foreign import stdcall unsafe "static send" c_send
          :: CInt -> Ptr a -> CSize -> CInt -> IO CInt

Network\Socket.hsc:1588:1: warning: [-Wunused-top-binds]
    Defined but not used: ‘c_send’

Network\Socket.hsc:1590:1: warning: [-Wunsupported-calling-conventions]
    • the 'stdcall' calling convention is unsupported on this platform,
      treating as ccall
    • When checking declaration:
        foreign import stdcall safe "static sendto" c_sendto
          :: CInt
             -> Ptr a -> CSize -> CInt -> Ptr SockAddr -> CInt -> IO CInt

Network\Socket.hsc:1592:1: warning: [-Wunsupported-calling-conventions]
    • the 'stdcall' calling convention is unsupported on this platform,
      treating as ccall
    • When checking declaration:
        foreign import stdcall unsafe "static recv" c_recv
          :: CInt -> Ptr CChar -> CSize -> CInt -> IO CInt

Network\Socket.hsc:1592:1: warning: [-Wunused-top-binds]
    Defined but not used: ‘c_recv’

Network\Socket.hsc:1594:1: warning: [-Wunsupported-calling-conventions]
    • the 'stdcall' calling convention is unsupported on this platform,
      treating as ccall
    • When checking declaration:
        foreign import stdcall safe "static recvfrom" c_recvfrom
          :: CInt
             -> Ptr a -> CSize -> CInt -> Ptr SockAddr -> Ptr CInt -> IO CInt

Network\Socket.hsc:1596:1: warning: [-Wunsupported-calling-conventions]
    • the 'stdcall' calling convention is unsupported on this platform,
      treating as ccall
    • When checking declaration:
        foreign import stdcall unsafe "static getpeername" c_getpeername
          :: CInt -> Ptr SockAddr -> Ptr CInt -> IO CInt

Network\Socket.hsc:1598:1: warning: [-Wunsupported-calling-conventions]
    • the 'stdcall' calling convention is unsupported on this platform,
      treating as ccall
    • When checking declaration:
        foreign import stdcall unsafe "static getsockname" c_getsockname
          :: CInt -> Ptr SockAddr -> Ptr CInt -> IO CInt

Network\Socket.hsc:1601:1: warning: [-Wunsupported-calling-conventions]
    • the 'stdcall' calling convention is unsupported on this platform,
      treating as ccall
    • When checking declaration:
        foreign import stdcall unsafe "static getsockopt" c_getsockopt
          :: CInt -> CInt -> CInt -> Ptr CInt -> Ptr CInt -> IO CInt

Network\Socket.hsc:1603:1: warning: [-Wunsupported-calling-conventions]
    • the 'stdcall' calling convention is unsupported on this platform,
      treating as ccall
    • When checking declaration:
        foreign import stdcall unsafe "static setsockopt" c_setsockopt
          :: CInt -> CInt -> CInt -> Ptr CInt -> CInt -> IO CInt
[5 of 9] Compiling Network.Socket.ByteString ( .stack-work\dist\ca59d0ab\build\Network\Socket\ByteString.hs, .stack-work\dist\ca59d0ab\build\Network\Socket\ByteString.o )
[6 of 9] Compiling Network.Socket.ByteString.Lazy.Windows ( Network\Socket\ByteString\Lazy\Windows.hs, .stack-work\dist\ca59d0ab\build\Network\Socket\ByteString\Lazy\Windows.o )
[7 of 9] Compiling Network.Socket.ByteString.Lazy ( Network\Socket\ByteString\Lazy.hs, .stack-work\dist\ca59d0ab\build\Network\Socket\ByteString\Lazy.o )
[8 of 9] Compiling Network.BSD      ( .stack-work\dist\ca59d0ab\build\Network\BSD.hs, .stack-work\dist\ca59d0ab\build\Network\BSD.o )

Network\BSD.hsc:105:1: warning: [-Wunused-imports]
    The import of ‘CUInt’ from module ‘Foreign.C.Types’ is redundant

Network\BSD.hsc:109:1: warning: [-Wunused-imports]
    The import of ‘fromBool’
    from module ‘Foreign.Marshal.Utils’ is redundant

Network\BSD.hsc:185:1: warning: [-Wunsupported-calling-conventions]
    • the 'stdcall' calling convention is unsupported on this platform,
      treating as ccall
    • When checking declaration:
        foreign import stdcall unsafe "static getservbyname" c_getservbyname
          :: CString -> CString -> IO (Ptr ServiceEntry)

Network\BSD.hsc:196:1: warning: [-Wunsupported-calling-conventions]
    • the 'stdcall' calling convention is unsupported on this platform,
      treating as ccall
    • When checking declaration:
        foreign import stdcall unsafe "static getservbyport" c_getservbyport
          :: CInt -> CString -> IO (Ptr ServiceEntry)

Network\BSD.hsc:282:1: warning: [-Wunsupported-calling-conventions]
    • the 'stdcall' calling convention is unsupported on this platform,
      treating as ccall
    • When checking declaration:
        foreign import stdcall unsafe "static getprotobyname" c_getprotobyname
          :: CString -> IO (Ptr ProtocolEntry)

Network\BSD.hsc:292:1: warning: [-Wunsupported-calling-conventions]
    • the 'stdcall' calling convention is unsupported on this platform,
      treating as ccall
    • When checking declaration:
        foreign import stdcall unsafe "static getprotobynumber" c_getprotobynumber
          :: CInt -> IO (Ptr ProtocolEntry)

Network\BSD.hsc:383:1: warning: [-Wunsupported-calling-conventions]
    • the 'stdcall' calling convention is unsupported on this platform,
      treating as ccall
    • When checking declaration:
        foreign import stdcall safe "static gethostbyname" c_gethostbyname
          :: CString -> IO (Ptr HostEntry)

Network\BSD.hsc:397:1: warning: [-Wunsupported-calling-conventions]
    • the 'stdcall' calling convention is unsupported on this platform,
      treating as ccall
    • When checking declaration:
        foreign import stdcall safe "static gethostbyaddr" c_gethostbyaddr
          :: Ptr HostAddress -> CInt -> CInt -> IO (Ptr HostEntry)

Network\BSD.hsc:555:1: warning: [-Wunsupported-calling-conventions]
    • the 'stdcall' calling convention is unsupported on this platform,
      treating as ccall
    • When checking declaration:
        foreign import stdcall unsafe "static gethostname" c_gethostname
          :: CString -> CSize -> IO CInt

Network\BSD.hsc:564:1: warning: [-Wunused-top-binds]
    Defined but not used: ‘getEntries’
[9 of 9] Compiling Network          ( Network.hs, .stack-work\dist\ca59d0ab\build\Network.o )
Installing library in
C:\sr\snapshots\b201cfe6\lib\x86_64-windows-ghc-8.0.2\network-2.6.3.1-AwRxOQvT8JM9e8zDFK7aCI
Registering network-2.6.3.1...
