Configuring random-1.1...
Building random-1.1...
Preprocessing library random-1.1...
[1 of 1] Compiling System.Random    ( System\Random.hs, .stack-work\dist\ca59d0ab\build\System\Random.o )

System\Random.hs:43:1: warning: [-Wtabs]
    Tab character found here, and in 74 further locations.
    Please use spaces instead.
[1 of 1] Compiling System.Random    ( System\Random.hs, .stack-work\dist\ca59d0ab\build\System\Random.p_o )

System\Random.hs:43:1: warning: [-Wtabs]
    Tab character found here, and in 74 further locations.
    Please use spaces instead.
Installing library in
C:\sr\snapshots\b201cfe6\lib\x86_64-windows-ghc-8.0.2\random-1.1-9tceXaeYIMZ4JrKq20Egog
Registering random-1.1...
Cabal-simple_Z6RU0evB_1.24.2.0_ghc-8.0.2.exe:
'C:\Users\Ethan\AppData\Local\Programs\stack\x86_64-windows\ghc-8.0.2\bin\ghc-pkg.EXE'
exited with an error:
random-1.1: Warning: haddock-interfaces:
C:\sr\snapshots\b201cfe6\doc\random-1.1\random.haddock doesn't exist or isn't
a file
ghc-pkg.EXE: C:\sr\snapshots\b201cfe6\pkgdb\package.cache: you don't have
permission to modify this file
