[1 of 2] Compiling Main             ( C:\Users\Ethan\AppData\Local\Temp\stack5252\semigroupoids-5.1\Setup.lhs, C:\Users\Ethan\AppData\Local\Temp\stack5252\semigroupoids-5.1\.stack-work\dist\ca59d0ab\setup\Main.o )

C:\Users\Ethan\AppData\Local\Temp\stack5252\semigroupoids-5.1\Setup.lhs:46:69: warning: [-Wdeprecations]
    In the use of type constructor or class ‘InstalledPackageId’
    (imported from Distribution.Package):
    Deprecated: "Use UnitId instead"
[2 of 2] Compiling StackSetupShim   ( C:\sr\setup-exe-src\setup-shim-Z6RU0evB.hs, C:\Users\Ethan\AppData\Local\Temp\stack5252\semigroupoids-5.1\.stack-work\dist\ca59d0ab\setup\StackSetupShim.o )
Linking C:\Users\Ethan\AppData\Local\Temp\stack5252\semigroupoids-5.1\.stack-work\dist\ca59d0ab\setup\setup.exe ...
Configuring semigroupoids-5.1...
Building semigroupoids-5.1...
Preprocessing library semigroupoids-5.1...
[ 1 of 21] Compiling Data.Traversable.Instances ( src\Data\Traversable\Instances.hs, .stack-work\dist\ca59d0ab\build\Data\Traversable\Instances.o )
[ 2 of 21] Compiling Data.Semigroup.Foldable.Class ( src\Data\Semigroup\Foldable\Class.hs, .stack-work\dist\ca59d0ab\build\Data\Semigroup\Foldable\Class.o )
[ 3 of 21] Compiling Data.Functor.Extend ( src\Data\Functor\Extend.hs, .stack-work\dist\ca59d0ab\build\Data\Functor\Extend.o )
[ 4 of 21] Compiling Data.Functor.Bind.Class ( src\Data\Functor\Bind\Class.hs, .stack-work\dist\ca59d0ab\build\Data\Functor\Bind\Class.o )
[ 5 of 21] Compiling Data.Functor.Apply ( src\Data\Functor\Apply.hs, .stack-work\dist\ca59d0ab\build\Data\Functor\Apply.o )
[ 6 of 21] Compiling Data.Functor.Bind ( src\Data\Functor\Bind.hs, .stack-work\dist\ca59d0ab\build\Data\Functor\Bind.o )
[ 7 of 21] Compiling Data.Functor.Bind.Trans ( src\Data\Functor\Bind\Trans.hs, .stack-work\dist\ca59d0ab\build\Data\Functor\Bind\Trans.o )
[ 8 of 21] Compiling Data.Semigroupoid ( src\Data\Semigroupoid.hs, .stack-work\dist\ca59d0ab\build\Data\Semigroupoid.o )
[ 9 of 21] Compiling Data.Semigroupoid.Dual ( src\Data\Semigroupoid\Dual.hs, .stack-work\dist\ca59d0ab\build\Data\Semigroupoid\Dual.o )
[10 of 21] Compiling Data.Groupoid    ( src\Data\Groupoid.hs, .stack-work\dist\ca59d0ab\build\Data\Groupoid.o )
[11 of 21] Compiling Data.Isomorphism ( src\Data\Isomorphism.hs, .stack-work\dist\ca59d0ab\build\Data\Isomorphism.o )
[12 of 21] Compiling Data.Semigroupoid.Ob ( src\Data\Semigroupoid\Ob.hs, .stack-work\dist\ca59d0ab\build\Data\Semigroupoid\Ob.o )
[13 of 21] Compiling Data.Semigroup.Bifoldable ( src\Data\Semigroup\Bifoldable.hs, .stack-work\dist\ca59d0ab\build\Data\Semigroup\Bifoldable.o )
[14 of 21] Compiling Data.Functor.Alt ( src\Data\Functor\Alt.hs, .stack-work\dist\ca59d0ab\build\Data\Functor\Alt.o )
[15 of 21] Compiling Data.Functor.Plus ( src\Data\Functor\Plus.hs, .stack-work\dist\ca59d0ab\build\Data\Functor\Plus.o )
[16 of 21] Compiling Data.Semigroupoid.Static ( src\Data\Semigroupoid\Static.hs, .stack-work\dist\ca59d0ab\build\Data\Semigroupoid\Static.o )
[17 of 21] Compiling Data.Semigroup.Foldable ( src\Data\Semigroup\Foldable.hs, .stack-work\dist\ca59d0ab\build\Data\Semigroup\Foldable.o )
[18 of 21] Compiling Data.Semigroup.Traversable.Class ( src\Data\Semigroup\Traversable\Class.hs, .stack-work\dist\ca59d0ab\build\Data\Semigroup\Traversable\Class.o )
[19 of 21] Compiling Data.Semigroup.Bitraversable ( src\Data\Semigroup\Bitraversable.hs, .stack-work\dist\ca59d0ab\build\Data\Semigroup\Bitraversable.o )
[20 of 21] Compiling Data.Semigroup.Traversable ( src\Data\Semigroup\Traversable.hs, .stack-work\dist\ca59d0ab\build\Data\Semigroup\Traversable.o )
[21 of 21] Compiling Data.Bifunctor.Apply ( src\Data\Bifunctor\Apply.hs, .stack-work\dist\ca59d0ab\build\Data\Bifunctor\Apply.o )
[ 1 of 21] Compiling Data.Traversable.Instances ( src\Data\Traversable\Instances.hs, .stack-work\dist\ca59d0ab\build\Data\Traversable\Instances.p_o )
[ 2 of 21] Compiling Data.Semigroup.Foldable.Class ( src\Data\Semigroup\Foldable\Class.hs, .stack-work\dist\ca59d0ab\build\Data\Semigroup\Foldable\Class.p_o )
[ 3 of 21] Compiling Data.Functor.Extend ( src\Data\Functor\Extend.hs, .stack-work\dist\ca59d0ab\build\Data\Functor\Extend.p_o )
[ 4 of 21] Compiling Data.Functor.Bind.Class ( src\Data\Functor\Bind\Class.hs, .stack-work\dist\ca59d0ab\build\Data\Functor\Bind\Class.p_o )
[ 5 of 21] Compiling Data.Functor.Apply ( src\Data\Functor\Apply.hs, .stack-work\dist\ca59d0ab\build\Data\Functor\Apply.p_o )
[ 6 of 21] Compiling Data.Functor.Bind ( src\Data\Functor\Bind.hs, .stack-work\dist\ca59d0ab\build\Data\Functor\Bind.p_o )
[ 7 of 21] Compiling Data.Functor.Bind.Trans ( src\Data\Functor\Bind\Trans.hs, .stack-work\dist\ca59d0ab\build\Data\Functor\Bind\Trans.p_o )
[ 8 of 21] Compiling Data.Semigroupoid ( src\Data\Semigroupoid.hs, .stack-work\dist\ca59d0ab\build\Data\Semigroupoid.p_o )
[ 9 of 21] Compiling Data.Semigroupoid.Dual ( src\Data\Semigroupoid\Dual.hs, .stack-work\dist\ca59d0ab\build\Data\Semigroupoid\Dual.p_o )
[10 of 21] Compiling Data.Groupoid    ( src\Data\Groupoid.hs, .stack-work\dist\ca59d0ab\build\Data\Groupoid.p_o )
[11 of 21] Compiling Data.Isomorphism ( src\Data\Isomorphism.hs, .stack-work\dist\ca59d0ab\build\Data\Isomorphism.p_o )
[12 of 21] Compiling Data.Semigroupoid.Ob ( src\Data\Semigroupoid\Ob.hs, .stack-work\dist\ca59d0ab\build\Data\Semigroupoid\Ob.p_o )
[13 of 21] Compiling Data.Semigroup.Bifoldable ( src\Data\Semigroup\Bifoldable.hs, .stack-work\dist\ca59d0ab\build\Data\Semigroup\Bifoldable.p_o )
[14 of 21] Compiling Data.Functor.Alt ( src\Data\Functor\Alt.hs, .stack-work\dist\ca59d0ab\build\Data\Functor\Alt.p_o )
[15 of 21] Compiling Data.Functor.Plus ( src\Data\Functor\Plus.hs, .stack-work\dist\ca59d0ab\build\Data\Functor\Plus.p_o )
[16 of 21] Compiling Data.Semigroupoid.Static ( src\Data\Semigroupoid\Static.hs, .stack-work\dist\ca59d0ab\build\Data\Semigroupoid\Static.p_o )
[17 of 21] Compiling Data.Semigroup.Foldable ( src\Data\Semigroup\Foldable.hs, .stack-work\dist\ca59d0ab\build\Data\Semigroup\Foldable.p_o )
[18 of 21] Compiling Data.Semigroup.Traversable.Class ( src\Data\Semigroup\Traversable\Class.hs, .stack-work\dist\ca59d0ab\build\Data\Semigroup\Traversable\Class.p_o )
[19 of 21] Compiling Data.Semigroup.Bitraversable ( src\Data\Semigroup\Bitraversable.hs, .stack-work\dist\ca59d0ab\build\Data\Semigroup\Bitraversable.p_o )
[20 of 21] Compiling Data.Semigroup.Traversable ( src\Data\Semigroup\Traversable.hs, .stack-work\dist\ca59d0ab\build\Data\Semigroup\Traversable.p_o )
[21 of 21] Compiling Data.Bifunctor.Apply ( src\Data\Bifunctor\Apply.hs, .stack-work\dist\ca59d0ab\build\Data\Bifunctor\Apply.p_o )
Installing library in
C:\sr\snapshots\b201cfe6\lib\x86_64-windows-ghc-8.0.2\semigroupoids-5.1-Bv4gPJlZIgxJuJyrAzyy1i
Registering semigroupoids-5.1...
