Configuring stm-2.4.4.1...
Building stm-2.4.4.1...
Preprocessing library stm-2.4.4.1...
[ 1 of 10] Compiling Control.Sequential.STM ( Control\Sequential\STM.hs, .stack-work\dist\ca59d0ab\build\Control\Sequential\STM.o )
[ 2 of 10] Compiling Control.Monad.STM ( Control\Monad\STM.hs, .stack-work\dist\ca59d0ab\build\Control\Monad\STM.o )
[ 3 of 10] Compiling Control.Concurrent.STM.TVar ( Control\Concurrent\STM\TVar.hs, .stack-work\dist\ca59d0ab\build\Control\Concurrent\STM\TVar.o )
[ 4 of 10] Compiling Control.Concurrent.STM.TQueue ( Control\Concurrent\STM\TQueue.hs, .stack-work\dist\ca59d0ab\build\Control\Concurrent\STM\TQueue.o )
[ 5 of 10] Compiling Control.Concurrent.STM.TMVar ( Control\Concurrent\STM\TMVar.hs, .stack-work\dist\ca59d0ab\build\Control\Concurrent\STM\TMVar.o )
[ 6 of 10] Compiling Control.Concurrent.STM.TChan ( Control\Concurrent\STM\TChan.hs, .stack-work\dist\ca59d0ab\build\Control\Concurrent\STM\TChan.o )
[ 7 of 10] Compiling Control.Concurrent.STM.TBQueue ( Control\Concurrent\STM\TBQueue.hs, .stack-work\dist\ca59d0ab\build\Control\Concurrent\STM\TBQueue.o )
[ 8 of 10] Compiling Control.Concurrent.STM.TArray ( Control\Concurrent\STM\TArray.hs, .stack-work\dist\ca59d0ab\build\Control\Concurrent\STM\TArray.o )
[ 9 of 10] Compiling Control.Concurrent.STM ( Control\Concurrent\STM.hs, .stack-work\dist\ca59d0ab\build\Control\Concurrent\STM.o )
[10 of 10] Compiling Control.Concurrent.STM.TSem ( Control\Concurrent\STM\TSem.hs, .stack-work\dist\ca59d0ab\build\Control\Concurrent\STM\TSem.o )
[ 1 of 10] Compiling Control.Sequential.STM ( Control\Sequential\STM.hs, .stack-work\dist\ca59d0ab\build\Control\Sequential\STM.p_o )
[ 2 of 10] Compiling Control.Monad.STM ( Control\Monad\STM.hs, .stack-work\dist\ca59d0ab\build\Control\Monad\STM.p_o )
[ 3 of 10] Compiling Control.Concurrent.STM.TVar ( Control\Concurrent\STM\TVar.hs, .stack-work\dist\ca59d0ab\build\Control\Concurrent\STM\TVar.p_o )
[ 4 of 10] Compiling Control.Concurrent.STM.TQueue ( Control\Concurrent\STM\TQueue.hs, .stack-work\dist\ca59d0ab\build\Control\Concurrent\STM\TQueue.p_o )
[ 5 of 10] Compiling Control.Concurrent.STM.TMVar ( Control\Concurrent\STM\TMVar.hs, .stack-work\dist\ca59d0ab\build\Control\Concurrent\STM\TMVar.p_o )
[ 6 of 10] Compiling Control.Concurrent.STM.TChan ( Control\Concurrent\STM\TChan.hs, .stack-work\dist\ca59d0ab\build\Control\Concurrent\STM\TChan.p_o )
[ 7 of 10] Compiling Control.Concurrent.STM.TBQueue ( Control\Concurrent\STM\TBQueue.hs, .stack-work\dist\ca59d0ab\build\Control\Concurrent\STM\TBQueue.p_o )
[ 8 of 10] Compiling Control.Concurrent.STM.TArray ( Control\Concurrent\STM\TArray.hs, .stack-work\dist\ca59d0ab\build\Control\Concurrent\STM\TArray.p_o )
[ 9 of 10] Compiling Control.Concurrent.STM ( Control\Concurrent\STM.hs, .stack-work\dist\ca59d0ab\build\Control\Concurrent\STM.p_o )
[10 of 10] Compiling Control.Concurrent.STM.TSem ( Control\Concurrent\STM\TSem.hs, .stack-work\dist\ca59d0ab\build\Control\Concurrent\STM\TSem.p_o )
Installing library in
C:\sr\snapshots\b201cfe6\lib\x86_64-windows-ghc-8.0.2\stm-2.4.4.1-JQn4hNPyYjP5m9AcbI88Ve
Registering stm-2.4.4.1...
